\BOOKMARK [1][-]{section.1}{Translation et vecteur associ\351}{}% 1
\BOOKMARK [2][-]{subsection.1.1}{Translation}{section.1}% 2
\BOOKMARK [3][-]{subsubsection.1.1.1}{D\351finition}{subsection.1.1}% 3
\BOOKMARK [3][-]{subsubsection.1.1.2}{Image d'une figure par une translation}{subsection.1.1}% 4
\BOOKMARK [2][-]{subsection.1.2}{Vecteur associ\351 \340 une translation}{section.1}% 5
\BOOKMARK [2][-]{subsection.1.3}{Egalit\351 de vecteurs}{section.1}% 6
\BOOKMARK [1][-]{section.2}{Coordonn\351es d'un vecteur dans un rep\350re orthonorm\351}{}% 7
\BOOKMARK [2][-]{subsection.2.1}{D\351finition}{section.2}% 8
\BOOKMARK [2][-]{subsection.2.2}{Calcul des coordonn\351es d'un vecteur.}{section.2}% 9
\BOOKMARK [1][-]{section.3}{Premi\350res op\351rations sur les vecteurs}{}% 10
\BOOKMARK [2][-]{subsection.3.1}{Somme de deux vecteurs}{section.3}% 11
\BOOKMARK [3][-]{subsubsection.3.1.1}{Encha\356nement de deux translations.}{subsection.3.1}% 12
\BOOKMARK [3][-]{subsubsection.3.1.2}{Base orthonorm\351e.}{subsection.3.1}% 13
\BOOKMARK [3][-]{subsubsection.3.1.3}{Propri\351t\351s de la somme de vecteurs.}{subsection.3.1}% 14
\BOOKMARK [3][-]{subsubsection.3.1.4}{Relation de Chasles.}{subsection.3.1}% 15
\BOOKMARK [3][-]{subsubsection.3.1.5}{Coordonn\351es du vecteur somme}{subsection.3.1}% 16
\BOOKMARK [2][-]{subsection.3.2}{Loi externe}{section.3}% 17
\BOOKMARK [3][-]{subsubsection.3.2.1}{Produit d'un vecteur par un r\351el}{subsection.3.2}% 18
\BOOKMARK [3][-]{subsubsection.3.2.2}{Oppos\351 d'un vecteur}{subsection.3.2}% 19
\BOOKMARK [2][-]{subsection.3.3}{Diff\351rence de deux vecteurs}{section.3}% 20
\BOOKMARK [1][-]{section.4}{Calcul de la norme d'un vecteur dans un rep\350re orthonorm\351}{}% 21
\BOOKMARK [1][-]{section.5}{Traduction de situations g\351om\351triques \340 l'aide de vecteurs}{}% 22
