\BOOKMARK [1][-]{section.1}{Nombres r\351els}{}% 1
\BOOKMARK [2][-]{subsection.1.1}{Ensembles de nombres }{section.1}% 2
\BOOKMARK [2][-]{subsection.1.2}{Intervalles r\351els}{section.1}% 3
\BOOKMARK [2][-]{subsection.1.3}{Valeur absolue et distance \340 un nombre}{section.1}% 4
\BOOKMARK [1][-]{section.2}{Information chiffr\351e et statistique}{}% 5
\BOOKMARK [2][-]{subsection.2.1}{Proportions et pourcentages}{section.2}% 6
\BOOKMARK [2][-]{subsection.2.2}{\311volution d'une quantit\351 positive}{section.2}% 7
\BOOKMARK [2][-]{subsection.2.3}{\311volutions successives}{section.2}% 8
\BOOKMARK [1][-]{section.3}{Vecteurs du plan - Partie 1/2}{}% 9
\BOOKMARK [2][-]{subsection.3.1}{Translation et vecteur associ\351}{section.3}% 10
\BOOKMARK [2][-]{subsection.3.2}{Coordonn\351es d'un vecteur dans un rep\350re orthonorm\351}{section.3}% 11
\BOOKMARK [2][-]{subsection.3.3}{Calcul de la norme d'un vecteur dans un rep\350re orthonorm\351}{section.3}% 12
\BOOKMARK [2][-]{subsection.3.4}{Premi\350res op\351rations sur les vecteurs}{section.3}% 13
\BOOKMARK [2][-]{subsection.3.5}{Traduction de situations g\351om\351triques \340 l'aide de vecteurs}{section.3}% 14
\BOOKMARK [1][-]{section.4}{Calcul litt\351ral et manipulation alg\351brique}{}% 15
\BOOKMARK [2][-]{subsection.4.1}{Puissances enti\350res et racines carr\351es}{section.4}% 16
\BOOKMARK [2][-]{subsection.4.2}{Transformations d\220expressions alg\351briques \(d\351velopper-factoriser\)}{section.4}% 17
\BOOKMARK [2][-]{subsection.4.3}{Identit\351s remarquables}{section.4}% 18
\BOOKMARK [2][-]{subsection.4.4}{Transformations d'expressions fractionnaires}{section.4}% 19
\BOOKMARK [1][-]{section.5}{Premi\350res notions avec les fonctions}{}% 20
\BOOKMARK [2][-]{subsection.5.1}{Vocabulaire et applications}{section.5}% 21
\BOOKMARK [2][-]{subsection.5.2}{Courbe repr\351sentative et lecture graphique}{section.5}% 22
\BOOKMARK [2][-]{subsection.5.3}{R\351solution d'\351quations et d'in\351quations }{section.5}% 23
\BOOKMARK [2][-]{subsection.5.4}{Variations et extremums}{section.5}% 24
\BOOKMARK [1][-]{section.6}{Probabilit\351s}{}% 25
\BOOKMARK [2][-]{subsection.6.1}{Langage probabiliste}{section.6}% 26
\BOOKMARK [2][-]{subsection.6.2}{Calculs de probabilit\351s}{section.6}% 27
\BOOKMARK [2][-]{subsection.6.3}{\311chantillonnage}{section.6}% 28
\BOOKMARK [1][-]{section.7}{\311quations de droites}{}% 29
\BOOKMARK [2][-]{subsection.7.1}{Droites et vecteurs directeurs}{section.7}% 30
\BOOKMARK [2][-]{subsection.7.2}{\311quations cart\351siennes}{section.7}% 31
\BOOKMARK [2][-]{subsection.7.3}{Syst\350mes d'\351quations lin\351aires}{section.7}% 32
\BOOKMARK [1][-]{section.8}{Fonctions usuelles}{}% 33
\BOOKMARK [2][-]{subsection.8.1}{Fonctions affines et produits de fonctions affines}{section.8}% 34
\BOOKMARK [2][-]{subsection.8.2}{Fonctions carr\351 et cube}{section.8}% 35
\BOOKMARK [2][-]{subsection.8.3}{Fonctions racine car\351 et inverse}{section.8}% 36
\BOOKMARK [1][-]{section.9}{Vecteurs du plan - Partie 2/2}{}% 37
\BOOKMARK [2][-]{subsection.9.1}{Colin\351arit\351 de deux vecteurs}{section.9}% 38
\BOOKMARK [2][-]{subsection.9.2}{Orthogonalit\351 de deux vecteurs}{section.9}% 39
\BOOKMARK [2][-]{subsection.9.3}{Calcul de la norme d'un vecteur dans un rep\350re orthonorm\351}{section.9}% 40
\BOOKMARK [1][-]{section.10}{Arithm\351tique}{}% 41
\BOOKMARK [2][-]{subsection.10.1}{Multiples et diviseurs}{section.10}% 42
\BOOKMARK [2][-]{subsection.10.2}{Division euclidienne et parit\351}{section.10}% 43
\BOOKMARK [2][-]{subsection.10.3}{Nombres premiers}{section.10}% 44
